<?xml version="1.0" encoding="UTF-8"?>
<testsuite name="com.apress.prospring5.ch6.ResultSetExtractorTest" tests="1" skipped="0" failures="0" errors="0" timestamp="2019-02-01T23:01:28" hostname="simon-XPS-15-9560" time="1.182">
  <properties/>
  <testcase name="testResultSetExtractor" classname="com.apress.prospring5.ch6.ResultSetExtractorTest" time="1.182"/>
  <system-out><![CDATA[18:31:28,584 |-INFO in ch.qos.logback.classic.LoggerContext[default] - Could NOT find resource [logback-test.xml]
18:31:28,585 |-INFO in ch.qos.logback.classic.LoggerContext[default] - Could NOT find resource [logback.groovy]
18:31:28,586 |-INFO in ch.qos.logback.classic.LoggerContext[default] - Found resource [logback.xml] at [file:/media/simon/OS/opt/book/pro%20spring%205/small/chapter06/spring-jdbc-resultsetextractor/build/resources/main/logback.xml]
18:31:28,590 |-WARN in ch.qos.logback.classic.LoggerContext[default] - Resource [logback.xml] occurs multiple times on the classpath.
18:31:28,590 |-WARN in ch.qos.logback.classic.LoggerContext[default] - Resource [logback.xml] occurs at [file:/media/simon/OS/opt/book/pro%20spring%205/small/chapter06/spring-jdbc-resultsetextractor/build/resources/main/logback.xml]
18:31:28,590 |-WARN in ch.qos.logback.classic.LoggerContext[default] - Resource [logback.xml] occurs at [jar:file:/media/simon/OS/opt/book/pro%20spring%205/small/chapter06/plain-jdbc/build/libs/plain-jdbc-5.0-SNAPSHOT.jar!/logback.xml]
18:31:28,675 |-INFO in ch.qos.logback.classic.joran.action.ConfigurationAction - debug attribute not set
18:31:28,677 |-INFO in ch.qos.logback.classic.joran.action.LoggerContextListenerAction - Adding LoggerContextListener of type [ch.qos.logback.classic.jul.LevelChangePropagator] to the object stack
18:31:28,690 |-INFO in ch.qos.logback.classic.jul.LevelChangePropagator@60fd5db2 - Propagating DEBUG level on Logger[ROOT] onto the JUL framework
18:31:28,690 |-INFO in ch.qos.logback.classic.joran.action.LoggerContextListenerAction - Starting LoggerContextListener
18:31:28,690 |-INFO in ch.qos.logback.core.joran.action.AppenderAction - About to instantiate appender of type [ch.qos.logback.core.ConsoleAppender]
18:31:28,693 |-INFO in ch.qos.logback.core.joran.action.AppenderAction - Naming appender as [console]
18:31:28,695 |-INFO in ch.qos.logback.core.joran.action.NestedComplexPropertyIA - Assuming default type [ch.qos.logback.classic.encoder.PatternLayoutEncoder] for [encoder] property
18:31:28,747 |-INFO in ch.qos.logback.classic.joran.action.LoggerAction - Setting level of logger [com.apress.prospring5.ch6] to DEBUG
18:31:28,747 |-INFO in ch.qos.logback.classic.jul.LevelChangePropagator@60fd5db2 - Propagating DEBUG level on Logger[com.apress.prospring5.ch6] onto the JUL framework
18:31:28,747 |-INFO in ch.qos.logback.classic.joran.action.LoggerAction - Setting level of logger [org.springframework] to OFF
18:31:28,747 |-INFO in ch.qos.logback.classic.jul.LevelChangePropagator@60fd5db2 - Propagating OFF level on Logger[org.springframework] onto the JUL framework
18:31:28,747 |-INFO in ch.qos.logback.classic.joran.action.RootLoggerAction - Setting level of ROOT logger to INFO
18:31:28,747 |-INFO in ch.qos.logback.classic.jul.LevelChangePropagator@60fd5db2 - Propagating INFO level on Logger[ROOT] onto the JUL framework
18:31:28,747 |-INFO in ch.qos.logback.core.joran.action.AppenderRefAction - Attaching appender named [console] to Logger[ROOT]
18:31:28,748 |-INFO in ch.qos.logback.classic.joran.action.ConfigurationAction - End of configuration.
18:31:28,749 |-INFO in ch.qos.logback.classic.joran.JoranConfigurator@6242a383 - Registering current configuration as safe fallback point

Singer - Id: 1, First name: John, Last name: Mayer, Birthday: 1977-10-16
	--> Album - Id: 2, Singer id: 1, Title: Battle Studies, Release Date: 2009-11-17
	--> Album - Id: 1, Singer id: 1, Title: The Search For Everything, Release Date: 2017-01-20
Singer - Id: 2, First name: Eric, Last name: Clapton, Birthday: 1945-03-30
	--> Album - Id: 3, Singer id: 2, Title:  From The Cradle , Release Date: 1994-09-13
Singer - Id: 3, First name: John, Last name: Butler, Birthday: 1975-04-01
18:31:29.538 [Test worker] INFO  c.a.p.c.CleanUp -  ... Deleting database files.
]]></system-out>
  <system-err><![CDATA[]]></system-err>
</testsuite>
